This is pdfTeX, Version 3.14159265-2.6-1.40.16 (TeX Live 2015) (preloaded format=pdflatex 2016.4.14)  29 OCT 2019 17:55
entering extended mode
 restricted \write18 enabled.
 %&-line parsing enabled.
**aIntroducao.tex
(./aIntroducao.tex
LaTeX2e <2016/03/31>
Babel <3.9q> and hyphenation patterns for 81 language(s) loaded.
(./jomislides.cls
Document Class: jomislides 2002/05/23
(/usr/local/texlive/2015/texmf-dist/tex/latex/seminar/seminar.cls
Document Class: seminar 2014/01/17, 1.61
Documentclass: `seminar' v1.61 <2014/01/17> (tvz,hv)
(/usr/local/texlive/2015/texmf-dist/tex/latex/pst-ovl/pst-ovl.sty
Package: pst-ovl 2014/01/02 v0.01 LaTeX wrapper for `pst-ovl' (HV)
File: pst-ovl.tex 2014/05/12 v0.06 overlay macros `pst-ovl' (HV)

(/usr/local/texlive/2015/texmf-dist/tex/generic/pst-ovl/pst-ovl.tex
(/usr/local/texlive/2015/texmf-dist/tex/generic/pstricks/pstricks.tex
(/usr/local/texlive/2015/texmf-dist/tex/generic/xkeyval/pst-xkey.tex
File: pst-xkey.tex 2005/11/25 v1.6 PSTricks specialization of xkeyval (HA)

(/usr/local/texlive/2015/texmf-dist/tex/latex/xkeyval/xkeyval.sty
Package: xkeyval 2014/12/03 v2.7a package option processing (HA)

(/usr/local/texlive/2015/texmf-dist/tex/generic/xkeyval/xkeyval.tex
(/usr/local/texlive/2015/texmf-dist/tex/generic/xkeyval/xkvutils.tex
\XKV@toks=\toks14
\XKV@tempa@toks=\toks15

(/usr/local/texlive/2015/texmf-dist/tex/generic/xkeyval/keyval.tex))
\XKV@depth=\count79
File: xkeyval.tex 2014/12/03 v2.7a key=value parser (HA)
)))
(/usr/local/texlive/2015/texmf-dist/tex/generic/pstricks/pst-fp.tex
`pst-fp' v0.05, 2010/01/17 (hv)
\pstFP@xs=\count80
\pstFP@xia=\count81
\pstFP@xib=\count82
\pstFP@xfa=\count83
\pstFP@xfb=\count84
\pstFP@rega=\count85
\pstFP@regb=\count86
\pstFP@regs=\count87
\pstFP@times=\count88
)
(/usr/local/texlive/2015/texmf-dist/tex/generic/pgf/utilities/pgfutil-common.te
x
\pgfutil@everybye=\toks16
\pgfutil@tempdima=\dimen102
\pgfutil@tempdimb=\dimen103

(/usr/local/texlive/2015/texmf-dist/tex/generic/pgf/utilities/pgfutil-common-li
sts.tex))
(/usr/local/texlive/2015/texmf-dist/tex/generic/pgf/utilities/pgfkeys.code.tex
\pgfkeys@pathtoks=\toks17
\pgfkeys@temptoks=\toks18

(/usr/local/texlive/2015/texmf-dist/tex/generic/pgf/utilities/pgfkeysfiltered.c
ode.tex
\pgfkeys@tmptoks=\toks19
))
(/usr/local/texlive/2015/texmf-dist/tex/generic/pgf/utilities/pgffor.code.tex
(/usr/local/texlive/2015/texmf-dist/tex/generic/pgf/math/pgfmath.code.tex
(/usr/local/texlive/2015/texmf-dist/tex/generic/pgf/math/pgfmathcalc.code.tex
(/usr/local/texlive/2015/texmf-dist/tex/generic/pgf/math/pgfmathutil.code.tex
Missing character: There is no 0 in font nullfont!
Missing character: There is no . in font nullfont!
Missing character: There is no 0 in font nullfont!
Missing character: There is no p in font nullfont!
Missing character: There is no t in font nullfont!
\pgf@x=\dimen104
Missing character: There is no 0 in font nullfont!
Missing character: There is no . in font nullfont!
Missing character: There is no 0 in font nullfont!
Missing character: There is no p in font nullfont!
Missing character: There is no t in font nullfont!
\pgf@xa=\dimen105
Missing character: There is no 0 in font nullfont!
Missing character: There is no . in font nullfont!
Missing character: There is no 0 in font nullfont!
Missing character: There is no p in font nullfont!
Missing character: There is no t in font nullfont!
\pgf@xb=\dimen106
Missing character: There is no 0 in font nullfont!
Missing character: There is no . in font nullfont!
Missing character: There is no 0 in font nullfont!
Missing character: There is no p in font nullfont!
Missing character: There is no t in font nullfont!
\pgf@xc=\dimen107
Missing character: There is no 0 in font nullfont!
Missing character: There is no . in font nullfont!
Missing character: There is no 0 in font nullfont!
Missing character: There is no p in font nullfont!
Missing character: There is no t in font nullfont!
\pgf@y=\dimen108
Missing character: There is no 0 in font nullfont!
Missing character: There is no . in font nullfont!
Missing character: There is no 0 in font nullfont!
Missing character: There is no p in font nullfont!
Missing character: There is no t in font nullfont!
\pgf@ya=\dimen109
Missing character: There is no 0 in font nullfont!
Missing character: There is no . in font nullfont!
Missing character: There is no 0 in font nullfont!
Missing character: There is no p in font nullfont!
Missing character: There is no t in font nullfont!
\pgf@yb=\dimen110
Missing character: There is no 0 in font nullfont!
Missing character: There is no . in font nullfont!
Missing character: There is no 0 in font nullfont!
Missing character: There is no p in font nullfont!
Missing character: There is no t in font nullfont!
\pgf@yc=\dimen111
Missing character: There is no 0 in font nullfont!
Missing character: There is no . in font nullfont!
Missing character: There is no 0 in font nullfont!
Missing character: There is no p in font nullfont!
Missing character: There is no t in font nullfont!
\c@pgf@counta=\count89
Missing character: There is no 0 in font nullfont!
Missing character: There is no . in font nullfont!
Missing character: There is no 0 in font nullfont!
Missing character: There is no p in font nullfont!
Missing character: There is no t in font nullfont!
\c@pgf@countb=\count90
Missing character: There is no 0 in font nullfont!
Missing character: There is no . in font nullfont!
Missing character: There is no 0 in font nullfont!
Missing character: There is no p in font nullfont!
Missing character: There is no t in font nullfont!
\c@pgf@countc=\count91
Missing character: There is no 0 in font nullfont!
Missing character: There is no . in font nullfont!
Missing character: There is no 0 in font nullfont!
Missing character: There is no p in font nullfont!
Missing character: There is no t in font nullfont!
\c@pgf@countd=\count92
Missing character: There is no 0 in font nullfont!
Missing character: There is no . in font nullfont!
Missing character: There is no 0 in font nullfont!
Missing character: There is no p in font nullfont!
Missing character: There is no t in font nullfont!
\pgfutil@tempcnta=\count93
Missing character: There is no 0 in font nullfont!
Missing character: There is no . in font nullfont!
Missing character: There is no 0 in font nullfont!
Missing character: There is no p in font nullfont!
Missing character: There is no t in font nullfont!
\pgfutil@tempcntb=\count94
)
(/usr/local/texlive/2015/texmf-dist/tex/generic/pgf/math/pgfmathparser.code.tex
\pgfmath@dimen=\dimen112
\pgfmath@count=\count95
\pgfmath@box=\box26
\pgfmath@toks=\toks20
\pgfmath@stack@operand=\toks21
\pgfmath@stack@operation=\toks22
)
(/usr/local/texlive/2015/texmf-dist/tex/generic/pgf/math/pgfmathfunctions.code.
tex
(/usr/local/texlive/2015/texmf-dist/tex/generic/pgf/math/pgfmathfunctions.basic
.code.tex)
(/usr/local/texlive/2015/texmf-dist/tex/generic/pgf/math/pgfmathfunctions.trigo
nometric.code.tex)
(/usr/local/texlive/2015/texmf-dist/tex/generic/pgf/math/pgfmathfunctions.rando
m.code.tex)
(/usr/local/texlive/2015/texmf-dist/tex/generic/pgf/math/pgfmathfunctions.compa
rison.code.tex)
(/usr/local/texlive/2015/texmf-dist/tex/generic/pgf/math/pgfmathfunctions.base.
code.tex)
(/usr/local/texlive/2015/texmf-dist/tex/generic/pgf/math/pgfmathfunctions.round
.code.tex)
(/usr/local/texlive/2015/texmf-dist/tex/generic/pgf/math/pgfmathfunctions.misc.
code.tex)
(/usr/local/texlive/2015/texmf-dist/tex/generic/pgf/math/pgfmathfunctions.integ
erarithmetics.code.tex)))
(/usr/local/texlive/2015/texmf-dist/tex/generic/pgf/math/pgfmathfloat.code.tex
\c@pgfmathroundto@lastzeros=\count96
))
\pgffor@iter=\dimen113
\pgffor@skip=\dimen114
\pgffor@stack=\toks23
\pgffor@toks=\toks24
)
\psLoopIndex=\count97

`PSTricks' v2.64b  <2015/14/11> (tvz)
\pst@dima=\dimen115
\pst@dimb=\dimen116
\pst@dimc=\dimen117
\pst@dimd=\dimen118
\pst@dimg=\dimen119
\pst@dimh=\dimen120
\pst@dimm=\dimen121
\pst@dimn=\dimen122
\pst@dimo=\dimen123
\pst@dimp=\dimen124
\pst@hbox=\box27
\pst@ibox=\box28
\pst@boxg=\box29
\pst@cnta=\count98
\pst@cntb=\count99
\pst@cntc=\count100
\pst@cntd=\count101
\pst@cntg=\count102
\pst@cnth=\count103
\pst@cntm=\count104
\pst@cntn=\count105
\pst@cnto=\count106
\pst@cntp=\count107
\@zero=\count108
\pst@toks=\toks25
(/usr/local/texlive/2015/texmf-dist/tex/generic/pstricks/pstricks.con)
\psunit=\dimen125
\psxunit=\dimen126
\psyunit=\dimen127
\pst@C@@rType=\count109
\pslinewidth=\dimen128
\psk@startLW=\dimen129
\psk@endLW=\dimen130
\pst@customdefs=\toks26
\pslinearc=\dimen131
\pst@symbolStep=\dimen132
\pst@symbolWidth=\dimen133
\pst@symbolLinewidth=\dimen134
\everypsbox=\toks27
\psframesep=\dimen135
\pslabelsep=\dimen136
\sh@wgridXunit=\dimen137
\sh@wgridYunit=\dimen138
\pst@shift=\dimen139
)
`pst-ovl' v0.06, 2014/05/12 (tvz,hv)
\theoverlaybox=\box30
))
\slidewidth=\dimen140
\slideheight=\dimen141
\footheight=\dimen142

(/usr/local/texlive/2015/texmf-dist/tex/latex/base/article.cls
Document Class: article 2014/09/29 v1.4h Standard LaTeX document class
(/usr/local/texlive/2015/texmf-dist/tex/latex/base/size10.clo
File: size10.clo 2014/09/29 v1.4h Standard LaTeX file (size option)
)
\c@part=\count110
\c@section=\count111
\c@subsection=\count112
\c@subsubsection=\count113
\c@paragraph=\count114
\c@subparagraph=\count115
\c@figure=\count116
\c@table=\count117
\abovecaptionskip=\skip41
\belowcaptionskip=\skip42
\bibindent=\dimen143
)
(/usr/local/texlive/2015/texmf-dist/tex/latex/seminar/sem-page.sty)
\before@document=\toks28
\after@document=\toks29
\before@enddocument=\toks30
\c@slide=\count118
\slide@count=\count119
\@slidebox=\box31
\not@slidebox=\box32
\slide@hook=\toks31
\after@slide=\toks32
\slide@footins=\insert199
\slide@listdepth=\count120
\saved@specials=\box33
\before@newslide=\toks33
\after@slidepage=\toks34
\slidesep=\skip43
\c@note=\count121
\slideframewidth=\dimen144
\slideframesep=\dimen145
\semin=\dimen146
\semcm=\dimen147
)
(/usr/local/texlive/2015/texmf-dist/tex/latex/base/ifthen.sty
Package: ifthen 2014/09/29 v1.1c Standard LaTeX ifthen package (DPC)
)
(/usr/local/texlive/2015/texmf-dist/tex/latex/fancybox/fancybox.sty
Package: fancybox 2010/05/15 1.4

Style option: `fancybox' v1.4 <2010/05/15> (tvz)
\@fancybox=\box34
\shadowsize=\dimen148
\@Sbox=\box35
\do@VerbBox=\toks35
\the@fancyput=\toks36
\this@fancyput=\toks37
\EndVerbatimTokens=\toks38
\Verbatim@Outfile=\write3
\Verbatim@Infile=\read1
) (/usr/local/texlive/2015/texmf-dist/tex/latex/graphics/color.sty
Package: color 2016/01/03 v1.1b Standard LaTeX Color (DPC)

(/usr/local/texlive/2015/texmf-dist/tex/latex/latexconfig/color.cfg
File: color.cfg 2007/01/18 v1.5 color configuration of teTeX/TeXLive
)
Package color Info: Driver file: pdftex.def on input line 143.

(/usr/local/texlive/2015/texmf-dist/tex/latex/pdftex-def/pdftex.def
File: pdftex.def 2011/05/27 v0.06d Graphics/color for pdfTeX

(/usr/local/texlive/2015/texmf-dist/tex/generic/oberdiek/infwarerr.sty
Package: infwarerr 2010/04/08 v1.3 Providing info/warning/error messages (HO)
)
(/usr/local/texlive/2015/texmf-dist/tex/generic/oberdiek/ltxcmds.sty
Package: ltxcmds 2011/11/09 v1.22 LaTeX kernel commands for general use (HO)
)
\Gread@gobject=\count122
)
Package color Info: Redefining color black on input line 177.
Package color Info: Redefining color white on input line 178.
Package color Info: Redefining color red on input line 181.
Package color Info: Redefining color green on input line 182.
Package color Info: Redefining color blue on input line 183.
Package color Info: Redefining color cyan on input line 186.
Package color Info: Redefining color magenta on input line 187.
Package color Info: Redefining color yellow on input line 188.
)
(/usr/local/texlive/2015/texmf-dist/tex/latex/graphics/graphicx.sty
Package: graphicx 2014/10/28 v1.0g Enhanced LaTeX Graphics (DPC,SPQR)

(/usr/local/texlive/2015/texmf-dist/tex/latex/graphics/graphics.sty
Package: graphics 2016/01/03 v1.0q Standard LaTeX Graphics (DPC,SPQR)

(/usr/local/texlive/2015/texmf-dist/tex/latex/graphics/trig.sty
Package: trig 2016/01/03 v1.10 sin cos tan (DPC)
)
(/usr/local/texlive/2015/texmf-dist/tex/latex/latexconfig/graphics.cfg
File: graphics.cfg 2010/04/23 v1.9 graphics configuration of TeX Live
)
Package graphics Info: Driver file: pdftex.def on input line 95.
)
\Gin@req@height=\dimen149
\Gin@req@width=\dimen150
)
(/usr/local/texlive/2015/texmf-dist/tex/latex/seminar/slidesec.sty
File `slidesec.sty' v0.9  92/05/07  <tvz>
\@temptokenb=\toks39
\c@slidesection=\count123
\c@slidesubsection=\count124
) (/usr/local/texlive/2015/texmf-dist/tex/latex/url/url.sty
\Urlmuskip=\muskip10
Package: url 2013/09/16  ver 3.4  Verb mode for urls, etc.
)
(/usr/local/texlive/2015/texmf-dist/tex/latex/hyperref/hyperref.sty
Package: hyperref 2012/11/06 v6.83m Hypertext links for LaTeX

(/usr/local/texlive/2015/texmf-dist/tex/generic/oberdiek/hobsub-hyperref.sty
Package: hobsub-hyperref 2012/05/28 v1.13 Bundle oberdiek, subset hyperref (HO)


(/usr/local/texlive/2015/texmf-dist/tex/generic/oberdiek/hobsub-generic.sty
Package: hobsub-generic 2012/05/28 v1.13 Bundle oberdiek, subset generic (HO)
Package: hobsub 2012/05/28 v1.13 Construct package bundles (HO)
Package hobsub Info: Skipping package `infwarerr' (already loaded).
Package hobsub Info: Skipping package `ltxcmds' (already loaded).
Package: ifluatex 2010/03/01 v1.3 Provides the ifluatex switch (HO)
Package ifluatex Info: LuaTeX not detected.
Package: ifvtex 2010/03/01 v1.5 Detect VTeX and its facilities (HO)
Package ifvtex Info: VTeX not detected.
Package: intcalc 2007/09/27 v1.1 Expandable calculations with integers (HO)
Package: ifpdf 2011/01/30 v2.3 Provides the ifpdf switch (HO)
Package ifpdf Info: pdfTeX in PDF mode is detected.
Package: etexcmds 2011/02/16 v1.5 Avoid name clashes with e-TeX commands (HO)
Package etexcmds Info: Could not find \expanded.
(etexcmds)             That can mean that you are not using pdfTeX 1.50 or
(etexcmds)             that some package has redefined \expanded.
(etexcmds)             In the latter case, load this package earlier.
Package: kvsetkeys 2012/04/25 v1.16 Key value parser (HO)
Package: kvdefinekeys 2011/04/07 v1.3 Define keys (HO)
Package: pdftexcmds 2011/11/29 v0.20 Utility functions of pdfTeX for LuaTeX (HO
)
Package pdftexcmds Info: LuaTeX not detected.
Package pdftexcmds Info: \pdf@primitive is available.
Package pdftexcmds Info: \pdf@ifprimitive is available.
Package pdftexcmds Info: \pdfdraftmode found.
Package: pdfescape 2011/11/25 v1.13 Implements pdfTeX's escape features (HO)
Package: bigintcalc 2012/04/08 v1.3 Expandable calculations on big integers (HO
)
Package: bitset 2011/01/30 v1.1 Handle bit-vector datatype (HO)
Package: uniquecounter 2011/01/30 v1.2 Provide unlimited unique counter (HO)
)
Package hobsub Info: Skipping package `hobsub' (already loaded).
Package: letltxmacro 2010/09/02 v1.4 Let assignment for LaTeX macros (HO)
Package: hopatch 2012/05/28 v1.2 Wrapper for package hooks (HO)
Package: xcolor-patch 2011/01/30 xcolor patch
Package: atveryend 2011/06/30 v1.8 Hooks at the very end of document (HO)
Package: atbegshi 2011/10/05 v1.16 At begin shipout hook (HO)
Package: refcount 2011/10/16 v3.4 Data extraction from label references (HO)
Package: hycolor 2011/01/30 v1.7 Color options for hyperref/bookmark (HO)
)
(/usr/local/texlive/2015/texmf-dist/tex/generic/ifxetex/ifxetex.sty
Package: ifxetex 2010/09/12 v0.6 Provides ifxetex conditional
)
(/usr/local/texlive/2015/texmf-dist/tex/latex/oberdiek/auxhook.sty
Package: auxhook 2011/03/04 v1.3 Hooks for auxiliary files (HO)
)
(/usr/local/texlive/2015/texmf-dist/tex/latex/oberdiek/kvoptions.sty
Package: kvoptions 2011/06/30 v3.11 Key value format for package options (HO)
)
\@linkdim=\dimen151
\Hy@linkcounter=\count125
\Hy@pagecounter=\count126

(/usr/local/texlive/2015/texmf-dist/tex/latex/hyperref/pd1enc.def
File: pd1enc.def 2012/11/06 v6.83m Hyperref: PDFDocEncoding definition (HO)
)
\Hy@SavedSpaceFactor=\count127

(/usr/local/texlive/2015/texmf-dist/tex/latex/latexconfig/hyperref.cfg
File: hyperref.cfg 2002/06/06 v1.2 hyperref configuration of TeXLive
)
Package hyperref Info: Hyper figures OFF on input line 4443.
Package hyperref Info: Link nesting OFF on input line 4448.
Package hyperref Info: Hyper index ON on input line 4451.
Package hyperref Info: Plain pages OFF on input line 4458.
Package hyperref Info: Backreferencing OFF on input line 4463.
Package hyperref Info: Implicit mode ON; LaTeX internals redefined.
Package hyperref Info: Bookmarks ON on input line 4688.
\c@Hy@tempcnt=\count128
LaTeX Info: Redefining \url on input line 5041.
\XeTeXLinkMargin=\dimen152
\Fld@menulength=\count129
\Field@Width=\dimen153
\Fld@charsize=\dimen154
Package hyperref Info: Hyper figures OFF on input line 6295.
Package hyperref Info: Link nesting OFF on input line 6300.
Package hyperref Info: Hyper index ON on input line 6303.
Package hyperref Info: backreferencing OFF on input line 6310.
Package hyperref Info: Link coloring OFF on input line 6315.
Package hyperref Info: Link coloring with OCG OFF on input line 6320.
Package hyperref Info: PDF/A mode OFF on input line 6325.
LaTeX Info: Redefining \ref on input line 6365.
LaTeX Info: Redefining \pageref on input line 6369.
\Hy@abspage=\count130
\c@Item=\count131
\c@Hfootnote=\count132
)

Package hyperref Message: Driver: hpdftex.

(/usr/local/texlive/2015/texmf-dist/tex/latex/hyperref/hpdftex.def
File: hpdftex.def 2012/11/06 v6.83m Hyperref driver for pdfTeX
\Fld@listcount=\count133
\c@bookmark@seq@number=\count134

(/usr/local/texlive/2015/texmf-dist/tex/latex/oberdiek/rerunfilecheck.sty
Package: rerunfilecheck 2011/04/15 v1.7 Rerun checks for auxiliary files (HO)
Package uniquecounter Info: New unique counter `rerunfilecheck' on input line 2
82.
)
\Hy@SectionHShift=\skip44
)
(./background.sty) (./pagetrans.sty) (./pause.sty)
(/usr/local/texlive/2015/texmf-dist/tex/latex/tools/enumerate.sty
Package: enumerate 2015/07/23 v3.00 enumerate extensions (DPC)
\@enLab=\toks40
)
(/usr/local/texlive/2015/texmf-dist/tex/latex/tools/multicol.sty
Package: multicol 2016/02/08 v1.8o multicolumn formatting (FMi)
\c@tracingmulticols=\count135
\mult@box=\box36
\multicol@leftmargin=\dimen155
\c@unbalance=\count136
\c@collectmore=\count137
\doublecol@number=\count138
\multicoltolerance=\count139
\multicolpretolerance=\count140
\full@width=\dimen156
\page@free=\dimen157
\premulticols=\dimen158
\postmulticols=\dimen159
\multicolsep=\skip45
\multicolbaselineskip=\skip46
\partial@page=\box37
\last@line=\box38
\maxbalancingoverflow=\dimen160
\mult@rightbox=\box39
\mult@grightbox=\box40
\mult@gfirstbox=\box41
\mult@firstbox=\box42
\@tempa=\box43
\@tempa=\box44
\@tempa=\box45
\@tempa=\box46
\@tempa=\box47
\@tempa=\box48
\@tempa=\box49
\@tempa=\box50
\@tempa=\box51
\@tempa=\box52
\@tempa=\box53
\@tempa=\box54
\@tempa=\box55
\@tempa=\box56
\@tempa=\box57
\@tempa=\box58
\@tempa=\box59
\c@columnbadness=\count141
\c@finalcolumnbadness=\count142
\last@try=\dimen161
\multicolovershoot=\dimen162
\multicolundershoot=\dimen163
\mult@nat@firstbox=\box60
\colbreak@box=\box61
\mc@col@check@num=\count143
)
(/usr/local/texlive/2015/texmf-dist/tex/latex/tools/tabularx.sty
Package: tabularx 2016/02/03 v2.11 `tabularx' package (DPC)

(/usr/local/texlive/2015/texmf-dist/tex/latex/tools/array.sty
Package: array 2014/10/28 v2.4c Tabular extension package (FMi)
\col@sep=\dimen164
\extrarowheight=\dimen165
\NC@list=\toks41
\extratabsurround=\skip47
\backup@length=\skip48
)
\TX@col@width=\dimen166
\TX@old@table=\dimen167
\TX@old@col=\dimen168
\TX@target=\dimen169
\TX@delta=\dimen170
\TX@cols=\count144
\TX@ftn=\toks42
)
(/usr/local/texlive/2015/texmf-dist/tex/latex/base/inputenc.sty
Package: inputenc 2015/03/17 v1.2c Input encoding file
\inpenc@prehook=\toks43
\inpenc@posthook=\toks44

(/usr/local/texlive/2015/texmf-dist/tex/latex/base/latin1.def
File: latin1.def 2015/03/17 v1.2c Input encoding file
))
(/usr/local/texlive/2015/texmf-dist/tex/latex/seminar/seminar.bug)
(/usr/local/texlive/2015/texmf-dist/tex/latex/seminar/seminar.bg2
seminar.bg2: various corrections for the Seminar document class
added since seminar.bug and few add-ons for overlays
(Version 2.3 of <2014/05/12> (DG, hv))
\Seminar@SlideBoxBackground=\box62
)
Package hyperref Info: Option `bookmarksopen' set `true' on input line 74.
Package hyperref Info: Option `colorlinks' set `true' on input line 78.
Package color Info: Redefining color botcol on input line 83.
Package color Info: Redefining color medcol on input line 84.
Package color Info: Redefining color gray on input line 90.
Package color Info: Redefining color darkgray on input line 91.
 (/usr/local/texlive/2015/texmf-dist/tex/latex/colortbl/colortbl.sty
Package: colortbl 2012/02/13 v1.0a Color table columns (DPC)
\everycr=\toks45
\minrowclearance=\skip49
))
(/usr/local/texlive/2015/texmf-dist/tex/latex/base/alltt.sty
Package: alltt 1997/06/16 v2.0g defines alltt environment
)
(/usr/local/texlive/2015/texmf-dist/tex/latex/booktabs/booktabs.sty
Package: booktabs 2005/04/14 v1.61803 publication quality tables
\heavyrulewidth=\dimen171
\lightrulewidth=\dimen172
\cmidrulewidth=\dimen173
\belowrulesep=\dimen174
\belowbottomsep=\dimen175
\aboverulesep=\dimen176
\abovetopsep=\dimen177
\cmidrulesep=\dimen178
\cmidrulekern=\dimen179
\defaultaddspace=\dimen180
\@cmidla=\count145
\@cmidlb=\count146
\@aboverulesep=\dimen181
\@belowrulesep=\dimen182
\@thisruleclass=\count147
\@lastruleclass=\count148
\@thisrulewidth=\dimen183
)
(./aIntroducao.aux)
\openout1 = `aIntroducao.aux'.

LaTeX Font Info:    Checking defaults for OML/cmm/m/it on input line 25.
LaTeX Font Info:    ... okay on input line 25.
LaTeX Font Info:    Checking defaults for T1/cmr/m/n on input line 25.
LaTeX Font Info:    ... okay on input line 25.
LaTeX Font Info:    Checking defaults for OT1/cmr/m/n on input line 25.
LaTeX Font Info:    ... okay on input line 25.
LaTeX Font Info:    Checking defaults for OMS/cmsy/m/n on input line 25.
LaTeX Font Info:    ... okay on input line 25.
LaTeX Font Info:    Checking defaults for OMX/cmex/m/n on input line 25.
LaTeX Font Info:    ... okay on input line 25.
LaTeX Font Info:    Checking defaults for U/cmr/m/n on input line 25.
LaTeX Font Info:    ... okay on input line 25.
LaTeX Font Info:    Checking defaults for PD1/pdf/m/n on input line 25.
LaTeX Font Info:    ... okay on input line 25.

(/usr/local/texlive/2015/texmf-dist/tex/context/base/supp-pdf.mkii
[Loading MPS to PDF converter (version 2006.09.02).]
\scratchcounter=\count149
\scratchdimen=\dimen184
\scratchbox=\box63
\nofMPsegments=\count150
\nofMParguments=\count151
\everyMPshowfont=\toks46
\MPscratchCnt=\count152
\MPscratchDim=\dimen185
\MPnumerator=\count153
\makeMPintoPDFobject=\count154
\everyMPtoPDFconversion=\toks47
) (/usr/local/texlive/2015/texmf-dist/tex/latex/oberdiek/epstopdf-base.sty
Package: epstopdf-base 2010/02/09 v2.5 Base part for package epstopdf

(/usr/local/texlive/2015/texmf-dist/tex/latex/oberdiek/grfext.sty
Package: grfext 2010/08/19 v1.1 Manage graphics extensions (HO)
)
Package grfext Info: Graphics extension search list:
(grfext)             [.png,.pdf,.jpg,.mps,.jpeg,.jbig2,.jb2,.PNG,.PDF,.JPG,.JPE
G,.JBIG2,.JB2,.eps]
(grfext)             \AppendGraphicsExtensions on input line 452.

(/usr/local/texlive/2015/texmf-dist/tex/latex/latexconfig/epstopdf-sys.cfg
File: epstopdf-sys.cfg 2010/07/13 v1.3 Configuration of (r)epstopdf for TeX Liv
e
))
\AtBeginShipoutBox=\box64
Package hyperref Info: Link coloring ON on input line 25.

(/usr/local/texlive/2015/texmf-dist/tex/latex/hyperref/nameref.sty
Package: nameref 2012/10/27 v2.43 Cross-referencing by name of section

(/usr/local/texlive/2015/texmf-dist/tex/generic/oberdiek/gettitlestring.sty
Package: gettitlestring 2010/12/03 v1.4 Cleanup title references (HO)
)
\c@section@level=\count155
)
LaTeX Info: Redefining \ref on input line 25.
LaTeX Info: Redefining \pageref on input line 25.
LaTeX Info: Redefining \nameref on input line 25.

(./aIntroducao.out) (./aIntroducao.out)
\@outlinefile=\write4
\openout4 = `aIntroducao.out'.


Overfull \hbox (1.83334pt too wide) has occurred while \output is active
[] 
 []


Overfull \hbox (1.83334pt too wide) has occurred while \output is active
[][] 
 []

[1
Non-PDF special ignored!
Non-PDF special ignored!
Non-PDF special ignored!


Non-PDF special ignored!
Non-PDF special ignored!
Non-PDF special ignored!
Non-PDF special ignored!
Non-PDF special ignored!

pdfTeX warning (ext4): destination with the same identifier (name{1.-1}) has be
en already used, duplicate ignored

\AtBegShi@Output ...ipout \box \AtBeginShipoutBox 
                                                  \fi \fi 
l.44 \maketitle
               {/usr/local/texlive/2015/texmf-var/fonts/map/pdftex/updmap/pdfte
x.map}]
Overfull \hbox (1.83334pt too wide) has occurred while \output is active
[] 
 []


Overfull \hbox (1.83334pt too wide) has occurred while \output is active
[][] 
 []

[2

pdfTeX warning (ext4): destination with the same identifier (name{2.0}) has bee
n already used, duplicate ignored

\AtBegShi@Output ...ipout \box \AtBeginShipoutBox 
                                                  \fi \fi 
l.63 \end{Slide}
                ]
Overfull \hbox (1.83334pt too wide) has occurred while \output is active
[] 
 []


Overfull \hbox (1.83334pt too wide) has occurred while \output is active
[][] 
 []

[3

pdfTeX warning (ext4): destination with the same identifier (name{3.0}) has bee
n already used, duplicate ignored

\AtBegShi@Output ...ipout \box \AtBeginShipoutBox 
                                                  \fi \fi 
l.78 \newpage
             ] <figures/aplicacoesAm.png, id=85, 370.5042pt x 298.2342pt>
File: figures/aplicacoesAm.png Graphic file (type png)

<use figures/aplicacoesAm.png>
Package pdftex.def Info: figures/aplicacoesAm.png used on input line 83.
(pdftex.def)             Requested size: 370.50328pt x 298.23347pt.


LaTeX Warning: Slide 4 overfull by 6.00804pt on input line 87.


Overfull \vbox (4.00804pt too high) has occurred while \output is active []


Overfull \hbox (1.83334pt too wide) has occurred while \output is active
[] 
 []


Overfull \hbox (1.83334pt too wide) has occurred while \output is active
[][] 
 []

[4 <./figures/aplicacoesAm.png>]
Overfull \hbox (1.83334pt too wide) has occurred while \output is active
[] 
 []


Overfull \hbox (1.83334pt too wide) has occurred while \output is active
[][] 
 []

[5

pdfTeX warning (ext4): destination with the same identifier (name{5.0}) has bee
n already used, duplicate ignored

\AtBegShi@Output ...ipout \box \AtBeginShipoutBox 
                                                  \fi \fi 
l.97 \newpage
             ] <figures/desempenho.png, id=96, 359.9046pt x 242.5863pt>
File: figures/desempenho.png Graphic file (type png)

<use figures/desempenho.png>
Package pdftex.def Info: figures/desempenho.png used on input line 102.
(pdftex.def)             Requested size: 359.90372pt x 242.58571pt.


LaTeX Warning: Slide 6 overfull by 6.00487pt on input line 106.


Overfull \vbox (4.00487pt too high) has occurred while \output is active []


Overfull \hbox (1.83334pt too wide) has occurred while \output is active
[] 
 []


Overfull \hbox (1.83334pt too wide) has occurred while \output is active
[][] 
 []

[6 <./figures/desempenho.png>]
Overfull \hbox (1.83334pt too wide) has occurred while \output is active
[] 
 []


Overfull \hbox (1.83334pt too wide) has occurred while \output is active
[][] 
 []

[7

pdfTeX warning (ext4): destination with the same identifier (name{7.0}) has bee
n already used, duplicate ignored

\AtBegShi@Output ...ipout \box \AtBeginShipoutBox 
                                                  \fi \fi 
l.118 \end{Slide}
                 ] <figures/hierarquiaAM.png, id=108, 2296.58pt x 828.09375pt>
File: figures/hierarquiaAM.png Graphic file (type png)

<use figures/hierarquiaAM.png>
Package pdftex.def Info: figures/hierarquiaAM.png used on input line 124.
(pdftex.def)             Requested size: 2296.57442pt x 828.09174pt.

Overfull \hbox (1.83334pt too wide) has occurred while \output is active
[] 
 []


Overfull \hbox (1.83334pt too wide) has occurred while \output is active
[][] 
 []

[8

pdfTeX warning (ext4): destination with the same identifier (name{8.0}) has bee
n already used, duplicate ignored

\AtBegShi@Output ...ipout \box \AtBeginShipoutBox 
                                                  \fi \fi 
l.128 \end{Slide}
                  <./figures/hierarquiaAM.png>]
Overfull \hbox (1.83334pt too wide) has occurred while \output is active
[] 
 []


Overfull \hbox (1.83334pt too wide) has occurred while \output is active
[][] 
 []

[9

pdfTeX warning (ext4): destination with the same identifier (name{9.0}) has bee
n already used, duplicate ignored

\AtBegShi@Output ...ipout \box \AtBeginShipoutBox 
                                                  \fi \fi 
l.146 \newpage
              ]
Overfull \hbox (1.83334pt too wide) has occurred while \output is active
[] 
 []


Overfull \hbox (1.83334pt too wide) has occurred while \output is active
[][] 
 []

[10]
LaTeX Font Info:    External font `cmex10' loaded for size
(Font)              <9> on input line 167.
LaTeX Font Info:    External font `cmex10' loaded for size
(Font)              <6> on input line 167.

Overfull \hbox (1.83334pt too wide) has occurred while \output is active
[] 
 []


Overfull \hbox (1.83334pt too wide) has occurred while \output is active
[][] 
 []

[11

pdfTeX warning (ext4): destination with the same identifier (name{11.0}) has be
en already used, duplicate ignored

\AtBegShi@Output ...ipout \box \AtBeginShipoutBox 
                                                  \fi \fi 
l.181 \end{Slide}
                 ]
Overfull \hbox (1.83334pt too wide) has occurred while \output is active
[] 
 []


Overfull \hbox (1.83334pt too wide) has occurred while \output is active
[][] 
 []

[12

pdfTeX warning (ext4): destination with the same identifier (name{12.0}) has be
en already used, duplicate ignored

\AtBegShi@Output ...ipout \box \AtBeginShipoutBox 
                                                  \fi \fi 
l.192 \end{Slide}
                 ]
Overfull \hbox (1.83334pt too wide) has occurred while \output is active
[] 
 []


Overfull \hbox (1.83334pt too wide) has occurred while \output is active
[][] 
 []

[13

pdfTeX warning (ext4): destination with the same identifier (name{13.0}) has be
en already used, duplicate ignored

\AtBegShi@Output ...ipout \box \AtBeginShipoutBox 
                                                  \fi \fi 
l.204 \end{Slide}
                 ]
Overfull \hbox (1.83334pt too wide) has occurred while \output is active
[] 
 []


Overfull \hbox (1.83334pt too wide) has occurred while \output is active
[][] 
 []

[14

pdfTeX warning (ext4): destination with the same identifier (name{14.0}) has be
en already used, duplicate ignored

\AtBegShi@Output ...ipout \box \AtBeginShipoutBox 
                                                  \fi \fi 
l.232 \end{Slide}
                 ]
<figures/agrupamentoRede.png, id=151, 1178.4025pt x 674.52pt>
File: figures/agrupamentoRede.png Graphic file (type png)

<use figures/agrupamentoRede.png>
Package pdftex.def Info: figures/agrupamentoRede.png used on input line 238.
(pdftex.def)             Requested size: 1178.39963pt x 674.51836pt.


LaTeX Warning: Slide 15 overfull by 8.45842pt on input line 240.


Overfull \vbox (3.20401pt too high) has occurred while \output is active []


Overfull \hbox (1.83334pt too wide) has occurred while \output is active
[] 
 []


Overfull \hbox (1.83334pt too wide) has occurred while \output is active
[][] 
 []

[15

pdfTeX warning (ext4): destination with the same identifier (name{15.0}) has be
en already used, duplicate ignored

\AtBegShi@Output ...ipout \box \AtBeginShipoutBox 
                                                  \fi \fi 
l.240 \end{Slide}
                  <./figures/agrupamentoRede.png>]
Overfull \hbox (1.83334pt too wide) has occurred while \output is active
[] 
 []


Overfull \hbox (1.83334pt too wide) has occurred while \output is active
[][] 
 []

[16

pdfTeX warning (ext4): destination with the same identifier (name{16.0}) has be
en already used, duplicate ignored

\AtBegShi@Output ...ipout \box \AtBeginShipoutBox 
                                                  \fi \fi 
l.250 \newpage
              ]
Overfull \hbox (1.83334pt too wide) has occurred while \output is active
[] 
 []


Overfull \hbox (1.83334pt too wide) has occurred while \output is active
[][] 
 []

[17]
Overfull \hbox (1.83334pt too wide) has occurred while \output is active
[] 
 []


Overfull \hbox (1.83334pt too wide) has occurred while \output is active
[][] 
 []

[18

pdfTeX warning (ext4): destination with the same identifier (name{18.0}) has be
en already used, duplicate ignored

\AtBegShi@Output ...ipout \box \AtBeginShipoutBox 
                                                  \fi \fi 
l.263 	\newpage
               ]
Overfull \hbox (1.83334pt too wide) has occurred while \output is active
[] 
 []


Overfull \hbox (1.83334pt too wide) has occurred while \output is active
[][] 
 []

[19]
Overfull \hbox (1.83334pt too wide) has occurred while \output is active
[] 
 []


Overfull \hbox (1.83334pt too wide) has occurred while \output is active
[][] 
 []

[20]
Overfull \hbox (1.83334pt too wide) has occurred while \output is active
[] 
 []


Overfull \hbox (1.83334pt too wide) has occurred while \output is active
[][] 
 []

[21

pdfTeX warning (ext4): destination with the same identifier (name{21.0}) has be
en already used, duplicate ignored

\AtBegShi@Output ...ipout \box \AtBeginShipoutBox 
                                                  \fi \fi 
l.297   \newpage
                ]

LaTeX Font Warning: Font shape `OT1/cmss/m/it' in size <10> not available
(Font)              Font shape `OT1/cmss/m/sl' tried instead on input line 301.



Overfull \hbox (1.83334pt too wide) has occurred while \output is active
[] 
 []


Overfull \hbox (1.83334pt too wide) has occurred while \output is active
[][] 
 []

[22]

*******************************************************
***** !! PRINT THIS DOCUMENT IN LANDSCAPE MODE !! *****
*******************************************************
Package atveryend Info: Empty hook `BeforeClearDocument' on input line 306.
Package atveryend Info: Empty hook `AfterLastShipout' on input line 306.
(./aIntroducao.aux)
Package atveryend Info: Executing hook `AtVeryEndDocument' on input line 306.
Package atveryend Info: Executing hook `AtEndAfterFileList' on input line 306.
Package rerunfilecheck Info: File `aIntroducao.out' has not changed.
(rerunfilecheck)             Checksum: BC0452600BC9D43A443FD7CC63E9F780;934.
 ) 
Here is how much of TeX's memory you used:
 12803 strings out of 493027
 216926 string characters out of 6134069
 307205 words of memory out of 5000000
 16105 multiletter control sequences out of 15000+600000
 8820 words of font info for 31 fonts, out of 8000000 for 9000
 1141 hyphenation exceptions out of 8191
 48i,16n,42p,494b,730s stack positions out of 5000i,500n,10000p,200000b,80000s
</usr/local/texlive/2015/texmf-dist/fonts/type1/public/amsfonts/cm/cmmi10.pfb
></usr/local/texlive/2015/texmf-dist/fonts/type1/public/amsfonts/cm/cmmi5.pfb><
/usr/local/texlive/2015/texmf-dist/fonts/type1/public/amsfonts/cm/cmr5.pfb></us
r/local/texlive/2015/texmf-dist/fonts/type1/public/amsfonts/cm/cmss10.pfb></usr
/local/texlive/2015/texmf-dist/fonts/type1/public/amsfonts/cm/cmss12.pfb></usr/
local/texlive/2015/texmf-dist/fonts/type1/public/amsfonts/cm/cmss8.pfb></usr/lo
cal/texlive/2015/texmf-dist/fonts/type1/public/amsfonts/cm/cmss9.pfb></usr/loca
l/texlive/2015/texmf-dist/fonts/type1/public/amsfonts/cm/cmssbx10.pfb></usr/loc
al/texlive/2015/texmf-dist/fonts/type1/public/amsfonts/cm/cmssi10.pfb></usr/loc
al/texlive/2015/texmf-dist/fonts/type1/public/amsfonts/cm/cmsy10.pfb></usr/loca
l/texlive/2015/texmf-dist/fonts/type1/public/amsfonts/cm/cmsy5.pfb></usr/local/
texlive/2015/texmf-dist/fonts/type1/public/amsfonts/cm/cmsy9.pfb>
Output written on aIntroducao.pdf (22 pages, 502058 bytes).
PDF statistics:
 256 PDF objects out of 1000 (max. 8388607)
 210 compressed objects within 3 object streams
 61 named destinations out of 1000 (max. 500000)
 141 words of extra memory for PDF output out of 10000 (max. 10000000)

