This is pdfTeX, Version 3.1415926-1.40.11 (TeX Live 2010/MacPorts 2010_2) (format=pdflatex 2011.2.19)  16 DEC 2012 19:54
entering extended mode
 restricted \write18 enabled.
 %&-line parsing enabled.
**&pdflatex prv_aIntroducao.ini \nonstopmode\nofiles\PassOptionsToPackage{activ
e,tightpage,auctex}{preview}\AtBeginDocument{\ifx\ifPreview\undefined\RequirePa
ckage[displaymath,floats,graphics,textmath,sections,footnotes]{preview}[2004/11
/05]\fi} \input aIntroducao.tex
(./prv_aIntroducao.ini
LaTeX2e <2009/09/24>
Babel <v3.8l> and hyphenation patterns for english, dumylang, nohyphenation, cz
ech, slovak, dutch, ukenglish, usenglishmax, basque, french, german-x-2009-06-1
9, ngerman-x-2009-06-19, german, ngerman, swissgerman, italian, polish, portugu
ese, spanish, catalan, galician, loaded.
(/opt/local/share/texmf-texlive-dist/tex/latex/carlisle/mylatex.ltx)
(/opt/local/share/texmf-texlive-dist/tex/latex/tools/.tex File ignored))
No auxiliary output files.

(./aIntroducao.tex (./jomislides.cls
Document Class: jomislides 2002/05/23
(/opt/local/share/texmf-texlive-dist/tex/latex/seminar/seminar.cls
Document Class: seminar 2008/10/15, 1.5
Document Style: `seminar' v1.5 <2008/10/15> (tvz)
\slidewidth=\dimen102
\slideheight=\dimen103
\footheight=\dimen104
(/opt/local/share/texmf-texlive-dist/tex/latex/base/article.cls
Document Class: article 2007/10/19 v1.4h Standard LaTeX document class
(/opt/local/share/texmf-texlive-dist/tex/latex/base/size10.clo
File: size10.clo 2007/10/19 v1.4h Standard LaTeX file (size option)
)
\c@part=\count79
\c@section=\count80
\c@subsection=\count81
\c@subsubsection=\count82
\c@paragraph=\count83
\c@subparagraph=\count84
\c@figure=\count85
\c@table=\count86
\abovecaptionskip=\skip41
\belowcaptionskip=\skip42
\bibindent=\dimen105
)
(/opt/local/share/texmf-texlive-dist/tex/latex/seminar/sem-page.sty)
\before@document=\toks14
\after@document=\toks15
\before@enddocument=\toks16
\c@slide=\count87
\slide@count=\count88
\@slidebox=\box26
\not@slidebox=\box27
\slide@hook=\toks17
\after@slide=\toks18
\slide@footins=\insert233
\slide@listdepth=\count89
\saved@specials=\box28
\before@newslide=\toks19
\after@slidepage=\toks20
\slidesep=\skip43
\c@note=\count90
\slideframewidth=\dimen106
\slideframesep=\dimen107
\semin=\dimen108
\semcm=\dimen109
)
(/opt/local/share/texmf-texlive-dist/tex/latex/base/ifthen.sty
Package: ifthen 2001/05/26 v1.1c Standard LaTeX ifthen package (DPC)
)
(/opt/local/share/texmf-texlive-dist/tex/latex/fancybox/fancybox.sty
Package: fancybox 2010/05/15 1.4

Style option: `fancybox' v1.4 <2010/05/15> (tvz)
\@fancybox=\box29
\shadowsize=\dimen110
\@Sbox=\box30
\do@VerbBox=\toks21
\the@fancyput=\toks22
\this@fancyput=\toks23
\EndVerbatimTokens=\toks24
\Verbatim@Outfile=\write3
\Verbatim@Infile=\read1
) (/opt/local/share/texmf-texlive-dist/tex/latex/graphics/color.sty
Package: color 2005/11/14 v1.0j Standard LaTeX Color (DPC)

(/opt/local/share/texmf-texlive-dist/tex/latex/latexconfig/color.cfg
File: color.cfg 2007/01/18 v1.5 color configuration of teTeX/TeXLive
)
Package color Info: Driver file: pdftex.def on input line 130.

(/opt/local/share/texmf-texlive-dist/tex/latex/pdftex-def/pdftex.def
File: pdftex.def 2010/02/14 v0.04n Graphics/color for pdfTeX
\Gread@gobject=\count91
))
(/opt/local/share/texmf-texlive-dist/tex/latex/graphics/graphicx.sty
Package: graphicx 1999/02/16 v1.0f Enhanced LaTeX Graphics (DPC,SPQR)

(/opt/local/share/texmf-texlive-dist/tex/latex/graphics/keyval.sty
Package: keyval 1999/03/16 v1.13 key=value parser (DPC)
\KV@toks@=\toks25
)
(/opt/local/share/texmf-texlive-dist/tex/latex/graphics/graphics.sty
Package: graphics 2009/02/05 v1.0o Standard LaTeX Graphics (DPC,SPQR)

(/opt/local/share/texmf-texlive-dist/tex/latex/graphics/trig.sty
Package: trig 1999/03/16 v1.09 sin cos tan (DPC)
)
(/opt/local/share/texmf-texlive-dist/tex/latex/latexconfig/graphics.cfg
File: graphics.cfg 2010/04/23 v1.9 graphics configuration of TeX Live
)
Package graphics Info: Driver file: pdftex.def on input line 91.
)
\Gin@req@height=\dimen111
\Gin@req@width=\dimen112
)
(/opt/local/share/texmf-texlive-dist/tex/latex/seminar/slidesec.sty
File `slidesec.sty' v0.9  92/05/07  <tvz>
\@temptokenb=\toks26
\c@slidesection=\count92
\c@slidesubsection=\count93
) (/opt/local/share/texmf-texlive-dist/tex/latex/url/url.sty
\Urlmuskip=\muskip10
Package: url 2006/04/12  ver 3.3  Verb mode for urls, etc.
)
(/opt/local/share/texmf-texlive-dist/tex/latex/hyperref/hyperref.sty
Package: hyperref 2010/06/18 v6.81g Hypertext links for LaTeX

(/opt/local/share/texmf-texlive-dist/tex/generic/oberdiek/ltxcmds.sty
Package: ltxcmds 2010/04/26 v1.7 LaTeX kernel commands for general use (HO)
)
(/opt/local/share/texmf-texlive-dist/tex/generic/oberdiek/kvsetkeys.sty
Package: kvsetkeys 2010/03/01 v1.9 Key value parser (HO)

(/opt/local/share/texmf-texlive-dist/tex/generic/oberdiek/infwarerr.sty
Package: infwarerr 2010/04/08 v1.3 Providing info/warning/message (HO)
)
(/opt/local/share/texmf-texlive-dist/tex/generic/oberdiek/etexcmds.sty
Package: etexcmds 2010/01/28 v1.3 Prefix for e-TeX command names (HO)
Package etexcmds Info: Could not find \expanded.
(etexcmds)             That can mean that you are not using pdfTeX 1.50 or
(etexcmds)             that some package has redefined \expanded.
(etexcmds)             In the latter case, load this package earlier.
))
(/opt/local/share/texmf-texlive-dist/tex/generic/oberdiek/pdfescape.sty
Package: pdfescape 2010/03/01 v1.9 Provides hex, PDF name and string conversion
s (HO)

(/opt/local/share/texmf-texlive-dist/tex/generic/oberdiek/pdftexcmds.sty
Package: pdftexcmds 2010/04/01 v0.9 Utility functions of pdfTeX for LuaTeX (HO)


(/opt/local/share/texmf-texlive-dist/tex/generic/oberdiek/ifluatex.sty
Package: ifluatex 2010/03/01 v1.3 Provides the ifluatex switch (HO)
Package ifluatex Info: LuaTeX not detected.
)
Package pdftexcmds Info: LuaTeX not detected.
Package pdftexcmds Info: \pdf@primitive is available.
Package pdftexcmds Info: \pdf@ifprimitive is available.
))
(/opt/local/share/texmf-texlive-dist/tex/generic/oberdiek/ifpdf.sty
Package: ifpdf 2010/01/28 v2.1 Provides the ifpdf switch (HO)
Package ifpdf Info: pdfTeX in pdf mode detected.
)
(/opt/local/share/texmf-texlive-dist/tex/generic/oberdiek/ifvtex.sty
Package: ifvtex 2010/03/01 v1.5 Switches for detecting VTeX and its modes (HO)
Package ifvtex Info: VTeX not detected.
)
(/opt/local/share/texmf-texlive-dist/tex/generic/ifxetex/ifxetex.sty
Package: ifxetex 2009/01/23 v0.5 Provides ifxetex conditional
)
(/opt/local/share/texmf-texlive-dist/tex/latex/oberdiek/hycolor.sty
Package: hycolor 2009/12/12 v1.6 Color options of hyperref/bookmark (HO)

(/opt/local/share/texmf-texlive-dist/tex/latex/oberdiek/xcolor-patch.sty
Package: xcolor-patch 2009/12/12 xcolor patch
))
(/opt/local/share/texmf-texlive-dist/tex/latex/oberdiek/letltxmacro.sty
Package: letltxmacro 2008/06/24 v1.3 Let assignment for LaTeX macros (HO)
)
\@linkdim=\dimen113
\Hy@linkcounter=\count94
\Hy@pagecounter=\count95

(/opt/local/share/texmf-texlive-dist/tex/latex/hyperref/pd1enc.def
File: pd1enc.def 2010/06/18 v6.81g Hyperref: PDFDocEncoding definition (HO)
)
(/opt/local/share/texmf-texlive-dist/tex/generic/oberdiek/intcalc.sty
Package: intcalc 2007/09/27 v1.1 Expandable integer calculations (HO)
)
(/opt/local/share/texmf-texlive-dist/tex/latex/latexconfig/hyperref.cfg
File: hyperref.cfg 2002/06/06 v1.2 hyperref configuration of TeXLive
)
(/opt/local/share/texmf-texlive-dist/tex/latex/oberdiek/kvoptions.sty
Package: kvoptions 2010/02/22 v3.7 Keyval support for LaTeX options (HO)
)
Package hyperref Info: Hyper figures OFF on input line 3658.
Package hyperref Info: Link nesting OFF on input line 3663.
Package hyperref Info: Hyper index ON on input line 3666.
Package hyperref Info: Plain pages OFF on input line 3673.
Package hyperref Info: Backreferencing OFF on input line 3678.

Implicit mode ON; LaTeX internals redefined
Package hyperref Info: Bookmarks ON on input line 3874.
LaTeX Info: Redefining \url on input line 4159.
(/opt/local/share/texmf-texlive-dist/tex/generic/oberdiek/bitset.sty
Package: bitset 2007/09/28 v1.0 Data type bit set (HO)

(/opt/local/share/texmf-texlive-dist/tex/generic/oberdiek/bigintcalc.sty
Package: bigintcalc 2007/11/11 v1.1 Expandable big integer calculations (HO)
))
\Fld@menulength=\count96
\Field@Width=\dimen114
\Fld@charsize=\dimen115
\Field@toks=\toks27
Package hyperref Info: Hyper figures OFF on input line 5137.
Package hyperref Info: Link nesting OFF on input line 5142.
Package hyperref Info: Hyper index ON on input line 5145.
Package hyperref Info: backreferencing OFF on input line 5152.
Package hyperref Info: Link coloring OFF on input line 5157.
Package hyperref Info: Link coloring with OCG OFF on input line 5162.
Package hyperref Info: PDF/A mode OFF on input line 5167.
LaTeX Info: Redefining \ref on input line 5207.
LaTeX Info: Redefining \pageref on input line 5211.

(/opt/local/share/texmf-texlive-dist/tex/generic/oberdiek/atbegshi.sty
Package: atbegshi 2010/03/25 v1.12 At begin shipout hook (HO)
)
\Hy@abspage=\count97
\c@Item=\count98
\c@Hfootnote=\count99
)
* hyperref using driver hpdftex *
(/opt/local/share/texmf-texlive-dist/tex/latex/hyperref/hpdftex.def
File: hpdftex.def 2010/06/18 v6.81g Hyperref driver for pdfTeX

(/opt/local/share/texmf-texlive-dist/tex/latex/oberdiek/atveryend.sty
Package: atveryend 2010/03/24 v1.5 Hooks at very end of document (HO)
)
\Fld@listcount=\count100
\c@bookmark@seq@number=\count101

(/opt/local/share/texmf-texlive-dist/tex/latex/oberdiek/rerunfilecheck.sty
Package: rerunfilecheck 2010/03/16 v1.6 Rerun checks for auxiliary files (HO)

(/opt/local/share/texmf-texlive-dist/tex/generic/oberdiek/uniquecounter.sty
Package: uniquecounter 2009/12/18 v1.1 Provides unlimited unique counter (HO)
)
Package uniquecounter Info: New unique counter `rerunfilecheck' on input line 2
71.
)
\Hy@SectionHShift=\skip44
)
(./background.sty) (./pagetrans.sty) (./pause.sty)
(/opt/local/share/texmf-texlive-dist/tex/latex/tools/enumerate.sty
Package: enumerate 1999/03/05 v3.00 enumerate extensions (DPC)
\@enLab=\toks28
)
(/opt/local/share/texmf-texlive-dist/tex/latex/tools/multicol.sty
Package: multicol 2008/12/05 v1.6h multicolumn formatting (FMi)
\c@tracingmulticols=\count102
\mult@box=\box31
\multicol@leftmargin=\dimen116
\c@unbalance=\count103
\c@collectmore=\count104
\doublecol@number=\count105
\multicoltolerance=\count106
\multicolpretolerance=\count107
\full@width=\dimen117
\page@free=\dimen118
\premulticols=\dimen119
\postmulticols=\dimen120
\multicolsep=\skip45
\multicolbaselineskip=\skip46
\partial@page=\box32
\last@line=\box33
\mult@rightbox=\box34
\mult@grightbox=\box35
\mult@gfirstbox=\box36
\mult@firstbox=\box37
\@tempa=\box38
\@tempa=\box39
\@tempa=\box40
\@tempa=\box41
\@tempa=\box42
\@tempa=\box43
\@tempa=\box44
\@tempa=\box45
\@tempa=\box46
\@tempa=\box47
\@tempa=\box48
\@tempa=\box49
\@tempa=\box50
\@tempa=\box51
\@tempa=\box52
\@tempa=\box53
\@tempa=\box54
\c@columnbadness=\count108
\c@finalcolumnbadness=\count109
\last@try=\dimen121
\multicolovershoot=\dimen122
\multicolundershoot=\dimen123
\mult@nat@firstbox=\box55
\colbreak@box=\box56
)
(/opt/local/share/texmf-texlive-dist/tex/latex/tools/tabularx.sty
Package: tabularx 1999/01/07 v2.07 `tabularx' package (DPC)

(/opt/local/share/texmf-texlive-dist/tex/latex/tools/array.sty
Package: array 2008/09/09 v2.4c Tabular extension package (FMi)
\col@sep=\dimen124
\extrarowheight=\dimen125
\NC@list=\toks29
\extratabsurround=\skip47
\backup@length=\skip48
)
\TX@col@width=\dimen126
\TX@old@table=\dimen127
\TX@old@col=\dimen128
\TX@target=\dimen129
\TX@delta=\dimen130
\TX@cols=\count110
\TX@ftn=\toks30
)
(/opt/local/share/texmf-texlive-dist/tex/latex/base/inputenc.sty
Package: inputenc 2008/03/30 v1.1d Input encoding file
\inpenc@prehook=\toks31
\inpenc@posthook=\toks32

(/opt/local/share/texmf-texlive-dist/tex/latex/base/latin1.def
File: latin1.def 2008/03/30 v1.1d Input encoding file
))
(/opt/local/share/texmf-texlive-dist/tex/latex/seminar/seminar.bug)
(/opt/local/share/texmf-texlive-dist/tex/latex/seminar/seminar.bg2
seminar.bg2: various corrections for the Seminar document class
added since seminar.bug and few add-ons for overlays
(Version 2.1 of <May 31, 2002> (D.G.))
\Seminar@SlideBoxBackground=\box57
)
Package hyperref Info: Option `bookmarksopen' set `true' on input line 74.
Package hyperref Info: Option `colorlinks' set `true' on input line 78.
Package color Info: Redefining color botcol on input line 83.
Package color Info: Redefining color medcol on input line 84.
 (/opt/local/share/texmf-texlive-dist/tex/latex/colortbl/colortbl.sty
Package: colortbl 2001/02/13 v0.1j Color table columns (DPC)
\everycr=\toks33
\minrowclearance=\skip49
))
(/opt/local/share/texmf-texlive-dist/tex/latex/base/alltt.sty
Package: alltt 1997/06/16 v2.0g defines alltt environment
)
(/opt/local/share/texmf-texlive-dist/tex/latex/booktabs/booktabs.sty
Package: booktabs 2005/04/14 v1.61803 publication quality tables
\heavyrulewidth=\dimen131
\lightrulewidth=\dimen132
\cmidrulewidth=\dimen133
\belowrulesep=\dimen134
\belowbottomsep=\dimen135
\aboverulesep=\dimen136
\abovetopsep=\dimen137
\cmidrulesep=\dimen138
\cmidrulekern=\dimen139
\defaultaddspace=\dimen140
\@cmidla=\count111
\@cmidlb=\count112
\@aboverulesep=\dimen141
\@belowrulesep=\dimen142
\@thisruleclass=\count113
\@lastruleclass=\count114
\@thisrulewidth=\dimen143
)
LaTeX Font Info:    External font `cmex10' loaded for size
(Font)              <7> on input line 25.
LaTeX Font Info:    External font `cmex10' loaded for size
(Font)              <5> on input line 25.


LaTeX Font Warning: Font shape `OT1/cmss/bx/it' undefined
(Font)              using `OT1/cmss/bx/n' instead on input line 25.


LaTeX Font Warning: Font shape `OT1/cmss/m/it' in size <10> not available
(Font)              Font shape `OT1/cmss/m/sl' tried instead on input line 25.

 )
Beginning to dump on file prv_aIntroducao.fmt
 (format=prv_aIntroducao 2012.12.16)
10415 strings of total length 155617
158641 memory locations dumped; current usage is 229&152866
8311 multiletter control sequences
\font\nullfont=nullfont
\font\OMX/cmex/m/n/5=cmex10
\font\tenln=line10
\font\tenlnw=linew10
\font\tencirc=lcircle10
\font\tencircw=lcirclew10
\font\OT1/cmr/m/n/5=cmr5
\font\OT1/cmr/m/n/7=cmr7
\font\OT1/cmr/m/n/10=cmr10
\font\OML/cmm/m/it/5=cmmi5
\font\OML/cmm/m/it/7=cmmi7
\font\OML/cmm/m/it/10=cmmi10
\font\OMS/cmsy/m/n/5=cmsy5
\font\OMS/cmsy/m/n/7=cmsy7
\font\OMS/cmsy/m/n/10=cmsy10
\font\OT1/cmss/m/n/10=cmss10
\font\OT1/cmss/m/n/12=cmss12
\font\OT1/cmss/m/n/8=cmss8
\font\OT1/cmss/bx/n/10=cmssbx10
\font\OT1/cmss/m/sl/10=cmssi10
\font\OT1/cmtt/m/n/10=cmtt10
5363 words of font info for 20 preloaded fonts
134 hyphenation exceptions
Hyphenation trie of length 116858 has 3522 ops out of 35111
  76 for language 20
  21 for language 19
  165 for language 18
  7 for language 17
  194 for language 16
  37 for language 15
  366 for language 14
  235 for language 13
  207 for language 12
  374 for language 11
  387 for language 10
  88 for language 9
  5 for language 8
  377 for language 7
  224 for language 6
  265 for language 5
  248 for language 4
  63 for language 3
  2 for language 1
  181 for language 0
0 words of pdfTeX memory
0 indirect objects
No pages of output.
PDF statistics:
 0 PDF objects out of 1000 (max. 8388607)
 0 named destinations out of 1000 (max. 500000)
 1 words of extra memory for PDF output out of 10000 (max. 10000000)

